This file contains any messages produced by compilers while
running configure, to aid debugging if configure makes a mistake.

It was created by PCRE configure 8.02, which was
generated by GNU Autoconf 2.69.  Invocation command line was

  $ ./configure --enable-utf8 --enable-unicode-properties --disable-shared --disable-cpp --no-create --no-recursion

## --------- ##
## Platform. ##
## --------- ##

hostname = kovddoskaisi
uname -m = x86_64
uname -r = 5.4.0-166-generic
uname -s = Linux
uname -v = #183-Ubuntu SMP Mon Oct 2 11:28:33 UTC 2023

/usr/bin/uname -p = x86_64
/bin/uname -X     = unknown

/bin/arch              = x86_64
/usr/bin/arch -k       = unknown
/usr/convex/getsysinfo = unknown
/usr/bin/hostinfo      = unknown
/bin/machine           = unknown
/usr/bin/oslevel       = unknown
/bin/universe          = unknown

PATH: /usr/local/sbin
PATH: /usr/local/bin
PATH: /usr/sbin
PATH: /usr/bin
PATH: /sbin
PATH: /bin
PATH: /usr/games
PATH: /usr/local/games
PATH: /snap/bin
PATH: /home/janpasi/bin
PATH: /home/janpasi/bin


## ----------- ##
## Core tests. ##
## ----------- ##

configure:2855: checking for a BSD-compatible install
configure:2923: result: /usr/bin/install -c
configure:2934: checking whether build environment is sane
configure:2971: result: yes
configure:3098: checking for a thread-safe mkdir -p
configure:3137: result: /usr/bin/mkdir -p
configure:3150: checking for gawk
configure:3166: found /usr/bin/gawk
configure:3177: result: gawk
configure:3188: checking whether make sets $(MAKE)
configure:3210: result: yes
configure:3357: checking for gcc
configure:3373: found /usr/bin/gcc
configure:3384: result: gcc
configure:3613: checking for C compiler version
configure:3622: gcc --version >&5
gcc (Ubuntu 9.4.0-1ubuntu1~20.04.2) 9.4.0
Copyright (C) 2019 Free Software Foundation, Inc.
This is free software; see the source for copying conditions.  There is NO
warranty; not even for MERCHANTABILITY or FITNESS FOR A PARTICULAR PURPOSE.

configure:3633: $? = 0
configure:3622: gcc -v >&5
Using built-in specs.
COLLECT_GCC=gcc
COLLECT_LTO_WRAPPER=/usr/lib/gcc/x86_64-linux-gnu/9/lto-wrapper
OFFLOAD_TARGET_NAMES=nvptx-none:hsa
OFFLOAD_TARGET_DEFAULT=1
Target: x86_64-linux-gnu
Configured with: ../src/configure -v --with-pkgversion='Ubuntu 9.4.0-1ubuntu1~20.04.2' --with-bugurl=file:///usr/share/doc/gcc-9/README.Bugs --enable-languages=c,ada,c++,go,brig,d,fortran,objc,obj-c++,gm2 --prefix=/usr --with-gcc-major-version-only --program-suffix=-9 --program-prefix=x86_64-linux-gnu- --enable-shared --enable-linker-build-id --libexecdir=/usr/lib --without-included-gettext --enable-threads=posix --libdir=/usr/lib --enable-nls --enable-clocale=gnu --enable-libstdcxx-debug --enable-libstdcxx-time=yes --with-default-libstdcxx-abi=new --enable-gnu-unique-object --disable-vtable-verify --enable-plugin --enable-default-pie --with-system-zlib --with-target-system-zlib=auto --enable-objc-gc=auto --enable-multiarch --disable-werror --with-arch-32=i686 --with-abi=m64 --with-multilib-list=m32,m64,mx32 --enable-multilib --with-tune=generic --enable-offload-targets=nvptx-none=/build/gcc-9-9QDOt0/gcc-9-9.4.0/debian/tmp-nvptx/usr,hsa --without-cuda-driver --enable-checking=release --build=x86_64-linux-gnu --host=x86_64-linux-gnu --target=x86_64-linux-gnu
Thread model: posix
gcc version 9.4.0 (Ubuntu 9.4.0-1ubuntu1~20.04.2) 
configure:3633: $? = 0
configure:3622: gcc -V >&5
gcc: error: unrecognized command line option '-V'
gcc: fatal error: no input files
compilation terminated.
configure:3633: $? = 1
configure:3622: gcc -qversion >&5
gcc: error: unrecognized command line option '-qversion'; did you mean '--version'?
gcc: fatal error: no input files
compilation terminated.
configure:3633: $? = 1
configure:3653: checking whether the C compiler works
configure:3675: gcc    conftest.c  >&5
configure:3679: $? = 0
configure:3727: result: yes
configure:3730: checking for C compiler default output file name
configure:3732: result: a.out
configure:3738: checking for suffix of executables
configure:3745: gcc -o conftest    conftest.c  >&5
configure:3749: $? = 0
configure:3771: result: 
configure:3793: checking whether we are cross compiling
configure:3801: gcc -o conftest    conftest.c  >&5
configure:3805: $? = 0
configure:3812: ./conftest
configure:3816: $? = 0
configure:3804: result: no
configure:3809: checking for suffix of object files
configure:3831: gcc -c   conftest.c >&5
configure:3835: $? = 0
configure:3856: result: o
configure:3860: checking whether we are using the GNU C compiler
configure:3879: gcc -c   conftest.c >&5
configure:3879: $? = 0
configure:3888: result: yes
configure:3897: checking whether gcc accepts -g
configure:3917: gcc -c -g  conftest.c >&5
configure:3917: $? = 0
configure:3958: result: yes
configure:3975: checking for gcc option to accept ISO C89
configure:4038: gcc  -c -g -O2  conftest.c >&5
configure:4038: $? = 0
configure:4051: result: none needed
configure:4082: checking for style of include used by make
configure:4110: result: GNU
configure:4135: checking dependency style of gcc
configure:4245: result: gcc3
configure:4318: checking for g++
configure:4334: found /usr/bin/g++
configure:4345: result: g++
configure:4372: checking for C++ compiler version
configure:4381: g++ --version >&5
g++ (Ubuntu 9.4.0-1ubuntu1~20.04.2) 9.4.0
Copyright (C) 2019 Free Software Foundation, Inc.
This is free software; see the source for copying conditions.  There is NO
warranty; not even for MERCHANTABILITY or FITNESS FOR A PARTICULAR PURPOSE.

configure:4392: $? = 0
configure:4381: g++ -v >&5
Using built-in specs.
COLLECT_GCC=g++
COLLECT_LTO_WRAPPER=/usr/lib/gcc/x86_64-linux-gnu/9/lto-wrapper
OFFLOAD_TARGET_NAMES=nvptx-none:hsa
OFFLOAD_TARGET_DEFAULT=1
Target: x86_64-linux-gnu
Configured with: ../src/configure -v --with-pkgversion='Ubuntu 9.4.0-1ubuntu1~20.04.2' --with-bugurl=file:///usr/share/doc/gcc-9/README.Bugs --enable-languages=c,ada,c++,go,brig,d,fortran,objc,obj-c++,gm2 --prefix=/usr --with-gcc-major-version-only --program-suffix=-9 --program-prefix=x86_64-linux-gnu- --enable-shared --enable-linker-build-id --libexecdir=/usr/lib --without-included-gettext --enable-threads=posix --libdir=/usr/lib --enable-nls --enable-clocale=gnu --enable-libstdcxx-debug --enable-libstdcxx-time=yes --with-default-libstdcxx-abi=new --enable-gnu-unique-object --disable-vtable-verify --enable-plugin --enable-default-pie --with-system-zlib --with-target-system-zlib=auto --enable-objc-gc=auto --enable-multiarch --disable-werror --with-arch-32=i686 --with-abi=m64 --with-multilib-list=m32,m64,mx32 --enable-multilib --with-tune=generic --enable-offload-targets=nvptx-none=/build/gcc-9-9QDOt0/gcc-9-9.4.0/debian/tmp-nvptx/usr,hsa --without-cuda-driver --enable-checking=release --build=x86_64-linux-gnu --host=x86_64-linux-gnu --target=x86_64-linux-gnu
Thread model: posix
gcc version 9.4.0 (Ubuntu 9.4.0-1ubuntu1~20.04.2) 
configure:4392: $? = 0
configure:4381: g++ -V >&5
g++: error: unrecognized command line option '-V'
g++: fatal error: no input files
compilation terminated.
configure:4392: $? = 1
configure:4381: g++ -qversion >&5
g++: error: unrecognized command line option '-qversion'; did you mean '--version'?
g++: fatal error: no input files
compilation terminated.
configure:4392: $? = 1
configure:4396: checking whether we are using the GNU C++ compiler
configure:4415: g++ -c   conftest.cpp >&5
configure:4415: $? = 0
configure:4424: result: yes
configure:4433: checking whether g++ accepts -g
configure:4453: g++ -c -g  conftest.cpp >&5
configure:4453: $? = 0
configure:4494: result: yes
configure:4519: checking dependency style of g++
configure:4629: result: gcc3
configure:4687: g++ -c -O2  conftest.cpp >&5
configure:4687: $? = 0
configure:4707: checking how to run the C preprocessor
configure:4738: gcc -E  conftest.c
configure:4738: $? = 0
configure:4752: gcc -E  conftest.c
conftest.c:11:10: fatal error: ac_nonexistent.h: No such file or directory
   11 | #include <ac_nonexistent.h>
      |          ^~~~~~~~~~~~~~~~~~
compilation terminated.
configure:4752: $? = 1
configure: failed program was:
| /* confdefs.h */
| #define PACKAGE_NAME "PCRE"
| #define PACKAGE_TARNAME "pcre"
| #define PACKAGE_VERSION "8.02"
| #define PACKAGE_STRING "PCRE 8.02"
| #define PACKAGE_BUGREPORT ""
| #define PACKAGE_URL ""
| #define PACKAGE "pcre"
| #define VERSION "8.02"
| /* end confdefs.h.  */
| #include <ac_nonexistent.h>
configure:4777: result: gcc -E
configure:4797: gcc -E  conftest.c
configure:4797: $? = 0
configure:4811: gcc -E  conftest.c
conftest.c:11:10: fatal error: ac_nonexistent.h: No such file or directory
   11 | #include <ac_nonexistent.h>
      |          ^~~~~~~~~~~~~~~~~~
compilation terminated.
configure:4811: $? = 1
configure: failed program was:
| /* confdefs.h */
| #define PACKAGE_NAME "PCRE"
| #define PACKAGE_TARNAME "pcre"
| #define PACKAGE_VERSION "8.02"
| #define PACKAGE_STRING "PCRE 8.02"
| #define PACKAGE_BUGREPORT ""
| #define PACKAGE_URL ""
| #define PACKAGE "pcre"
| #define VERSION "8.02"
| /* end confdefs.h.  */
| #include <ac_nonexistent.h>
configure:4840: checking for grep that handles long lines and -e
configure:4898: result: /usr/bin/grep
configure:4903: checking for egrep
configure:4965: result: /usr/bin/grep -E
configure:4970: checking for ANSI C header files
configure:4990: gcc -c -O2  conftest.c >&5
configure:4990: $? = 0
configure:5063: gcc -o conftest -O2   conftest.c  >&5
configure:5063: $? = 0
configure:5063: ./conftest
configure:5063: $? = 0
configure:5074: result: yes
configure:5087: checking for sys/types.h
configure:5087: gcc -c -O2  conftest.c >&5
configure:5087: $? = 0
configure:5087: result: yes
configure:5087: checking for sys/stat.h
configure:5087: gcc -c -O2  conftest.c >&5
configure:5087: $? = 0
configure:5087: result: yes
configure:5087: checking for stdlib.h
configure:5087: gcc -c -O2  conftest.c >&5
configure:5087: $? = 0
configure:5087: result: yes
configure:5087: checking for string.h
configure:5087: gcc -c -O2  conftest.c >&5
configure:5087: $? = 0
configure:5087: result: yes
configure:5087: checking for memory.h
configure:5087: gcc -c -O2  conftest.c >&5
configure:5087: $? = 0
configure:5087: result: yes
configure:5087: checking for strings.h
configure:5087: gcc -c -O2  conftest.c >&5
configure:5087: $? = 0
configure:5087: result: yes
configure:5087: checking for inttypes.h
configure:5087: gcc -c -O2  conftest.c >&5
configure:5087: $? = 0
configure:5087: result: yes
configure:5087: checking for stdint.h
configure:5087: gcc -c -O2  conftest.c >&5
configure:5087: $? = 0
configure:5087: result: yes
configure:5087: checking for unistd.h
configure:5087: gcc -c -O2  conftest.c >&5
configure:5087: $? = 0
configure:5087: result: yes
configure:5099: checking for int64_t
configure:5099: gcc -c -O2  conftest.c >&5
configure:5099: $? = 0
configure:5099: gcc -c -O2  conftest.c >&5
conftest.c: In function 'main':
conftest.c:59:53: warning: integer overflow in expression of type 'long int' results in '-9223372036854775808' [-Woverflow]
   59 |    < (int64_t) (((((int64_t) 1 << N) << N) - 1) * 2 + 2))];
      |                                                     ^
conftest.c:58:12: error: storage size of 'test_array' isn't constant
   58 | static int test_array [1 - 2 * !((int64_t) (((((int64_t) 1 << N) << N) - 1) * 2 + 1)
      |            ^~~~~~~~~~
configure:5099: $? = 1
configure: failed program was:
| /* confdefs.h */
| #define PACKAGE_NAME "PCRE"
| #define PACKAGE_TARNAME "pcre"
| #define PACKAGE_VERSION "8.02"
| #define PACKAGE_STRING "PCRE 8.02"
| #define PACKAGE_BUGREPORT ""
| #define PACKAGE_URL ""
| #define PACKAGE "pcre"
| #define VERSION "8.02"
| #define STDC_HEADERS 1
| #define HAVE_SYS_TYPES_H 1
| #define HAVE_SYS_STAT_H 1
| #define HAVE_STDLIB_H 1
| #define HAVE_STRING_H 1
| #define HAVE_MEMORY_H 1
| #define HAVE_STRINGS_H 1
| #define HAVE_INTTYPES_H 1
| #define HAVE_STDINT_H 1
| #define HAVE_UNISTD_H 1
| /* end confdefs.h.  */
| #include <stdio.h>
| #ifdef HAVE_SYS_TYPES_H
| # include <sys/types.h>
| #endif
| #ifdef HAVE_SYS_STAT_H
| # include <sys/stat.h>
| #endif
| #ifdef STDC_HEADERS
| # include <stdlib.h>
| # include <stddef.h>
| #else
| # ifdef HAVE_STDLIB_H
| #  include <stdlib.h>
| # endif
| #endif
| #ifdef HAVE_STRING_H
| # if !defined STDC_HEADERS && defined HAVE_MEMORY_H
| #  include <memory.h>
| # endif
| # include <string.h>
| #endif
| #ifdef HAVE_STRINGS_H
| # include <strings.h>
| #endif
| #ifdef HAVE_INTTYPES_H
| # include <inttypes.h>
| #endif
| #ifdef HAVE_STDINT_H
| # include <stdint.h>
| #endif
| #ifdef HAVE_UNISTD_H
| # include <unistd.h>
| #endif
| 	        enum { N = 64 / 2 - 1 };
| int
| main ()
| {
| static int test_array [1 - 2 * !((int64_t) (((((int64_t) 1 << N) << N) - 1) * 2 + 1)
| 		 < (int64_t) (((((int64_t) 1 << N) << N) - 1) * 2 + 2))];
| test_array [0] = 0;
| return test_array [0];
| 
|   ;
|   return 0;
| }
configure:5099: result: yes
configure:5116: checking build system type
configure:5130: result: x86_64-unknown-linux-gnu
configure:5150: checking host system type
configure:5163: result: x86_64-unknown-linux-gnu
configure:5511: checking for a sed that does not truncate output
configure:5575: result: /usr/bin/sed
configure:5593: checking for fgrep
configure:5655: result: /usr/bin/grep -F
configure:5690: checking for ld used by gcc
configure:5757: result: /usr/bin/ld
configure:5764: checking if the linker (/usr/bin/ld) is GNU ld
configure:5779: result: yes
configure:5791: checking for BSD- or MS-compatible name lister (nm)
configure:5840: result: /usr/bin/nm -B
configure:5958: checking the name lister (/usr/bin/nm -B) interface
configure:5996: gcc -c -O2  conftest.c >&5
configure:5999: /usr/bin/nm -B "conftest.o"
configure:6002: output
0000000000000000 B some_variable
configure:5972: result: BSD nm
configure:5975: checking whether ln -s works
configure:5979: result: yes
configure:5987: checking the maximum length of command line arguments
configure:6107: result: 1572864
configure:6124: checking whether the shell understands some XSI constructs
configure:6133: result: yes
configure:6137: checking whether the shell understands "+="
configure:6141: result: yes
configure:6176: checking for /usr/bin/ld option to reload object files
configure:6183: result: -r
configure:6252: checking for objdump
configure:6279: result: objdump
configure:6308: checking how to recognize dependent libraries
configure:6504: result: pass_all
configure:6564: checking for ar
configure:6580: found /usr/bin/ar
configure:6591: result: ar
configure:6669: checking for strip
configure:6685: found /usr/bin/strip
configure:6696: result: strip
configure:6768: checking for ranlib
configure:6784: found /usr/bin/ranlib
configure:6795: result: ranlib
configure:6885: checking command to parse /usr/bin/nm -B output from gcc object
configure:7003: gcc -c -O2  conftest.c >&5
configure:7006: $? = 0
configure:7010: /usr/bin/nm -B conftest.o \| sed -n -e 's/^.*[	 ]\([ABCDGIRSTW][ABCDGIRSTW]*\)[	 ][	 ]*\([_A-Za-z][_A-Za-z0-9]*\)$/\1 \2 \2/p' \> conftest.nm
configure:7013: $? = 0
configure:7067: gcc -o conftest -O2   conftest.c conftstm.o >&5
configure:7070: $? = 0
configure:7108: result: ok
configure:7203: gcc -c -O2  conftest.c >&5
configure:7206: $? = 0
configure:7913: checking for dlfcn.h
configure:7913: gcc -c -O2  conftest.c >&5
configure:7913: $? = 0
configure:7913: result: yes
configure:8038: checking for C++ compiler version
configure:8047: g++ --version >&5
g++ (Ubuntu 9.4.0-1ubuntu1~20.04.2) 9.4.0
Copyright (C) 2019 Free Software Foundation, Inc.
This is free software; see the source for copying conditions.  There is NO
warranty; not even for MERCHANTABILITY or FITNESS FOR A PARTICULAR PURPOSE.

configure:8058: $? = 0
configure:8047: g++ -v >&5
Using built-in specs.
COLLECT_GCC=g++
COLLECT_LTO_WRAPPER=/usr/lib/gcc/x86_64-linux-gnu/9/lto-wrapper
OFFLOAD_TARGET_NAMES=nvptx-none:hsa
OFFLOAD_TARGET_DEFAULT=1
Target: x86_64-linux-gnu
Configured with: ../src/configure -v --with-pkgversion='Ubuntu 9.4.0-1ubuntu1~20.04.2' --with-bugurl=file:///usr/share/doc/gcc-9/README.Bugs --enable-languages=c,ada,c++,go,brig,d,fortran,objc,obj-c++,gm2 --prefix=/usr --with-gcc-major-version-only --program-suffix=-9 --program-prefix=x86_64-linux-gnu- --enable-shared --enable-linker-build-id --libexecdir=/usr/lib --without-included-gettext --enable-threads=posix --libdir=/usr/lib --enable-nls --enable-clocale=gnu --enable-libstdcxx-debug --enable-libstdcxx-time=yes --with-default-libstdcxx-abi=new --enable-gnu-unique-object --disable-vtable-verify --enable-plugin --enable-default-pie --with-system-zlib --with-target-system-zlib=auto --enable-objc-gc=auto --enable-multiarch --disable-werror --with-arch-32=i686 --with-abi=m64 --with-multilib-list=m32,m64,mx32 --enable-multilib --with-tune=generic --enable-offload-targets=nvptx-none=/build/gcc-9-9QDOt0/gcc-9-9.4.0/debian/tmp-nvptx/usr,hsa --without-cuda-driver --enable-checking=release --build=x86_64-linux-gnu --host=x86_64-linux-gnu --target=x86_64-linux-gnu
Thread model: posix
gcc version 9.4.0 (Ubuntu 9.4.0-1ubuntu1~20.04.2) 
configure:8058: $? = 0
configure:8047: g++ -V >&5
g++: error: unrecognized command line option '-V'
g++: fatal error: no input files
compilation terminated.
configure:8058: $? = 1
configure:8047: g++ -qversion >&5
g++: error: unrecognized command line option '-qversion'; did you mean '--version'?
g++: fatal error: no input files
compilation terminated.
configure:8058: $? = 1
configure:8062: checking whether we are using the GNU C++ compiler
configure:8090: result: yes
configure:8099: checking whether g++ accepts -g
configure:8160: result: yes
configure:8185: checking dependency style of g++
configure:8295: result: gcc3
configure:8318: checking how to run the C++ preprocessor
configure:8345: g++ -E  conftest.cpp
configure:8345: $? = 0
configure:8359: g++ -E  conftest.cpp
conftest.cpp:22:10: fatal error: ac_nonexistent.h: No such file or directory
   22 | #include <ac_nonexistent.h>
      |          ^~~~~~~~~~~~~~~~~~
compilation terminated.
configure:8359: $? = 1
configure: failed program was:
| /* confdefs.h */
| #define PACKAGE_NAME "PCRE"
| #define PACKAGE_TARNAME "pcre"
| #define PACKAGE_VERSION "8.02"
| #define PACKAGE_STRING "PCRE 8.02"
| #define PACKAGE_BUGREPORT ""
| #define PACKAGE_URL ""
| #define PACKAGE "pcre"
| #define VERSION "8.02"
| #define STDC_HEADERS 1
| #define HAVE_SYS_TYPES_H 1
| #define HAVE_SYS_STAT_H 1
| #define HAVE_STDLIB_H 1
| #define HAVE_STRING_H 1
| #define HAVE_MEMORY_H 1
| #define HAVE_STRINGS_H 1
| #define HAVE_INTTYPES_H 1
| #define HAVE_STDINT_H 1
| #define HAVE_UNISTD_H 1
| #define HAVE_DLFCN_H 1
| /* end confdefs.h.  */
| #include <ac_nonexistent.h>
configure:8384: result: g++ -E
configure:8404: g++ -E  conftest.cpp
configure:8404: $? = 0
configure:8418: g++ -E  conftest.cpp
conftest.cpp:22:10: fatal error: ac_nonexistent.h: No such file or directory
   22 | #include <ac_nonexistent.h>
      |          ^~~~~~~~~~~~~~~~~~
compilation terminated.
configure:8418: $? = 1
configure: failed program was:
| /* confdefs.h */
| #define PACKAGE_NAME "PCRE"
| #define PACKAGE_TARNAME "pcre"
| #define PACKAGE_VERSION "8.02"
| #define PACKAGE_STRING "PCRE 8.02"
| #define PACKAGE_BUGREPORT ""
| #define PACKAGE_URL ""
| #define PACKAGE "pcre"
| #define VERSION "8.02"
| #define STDC_HEADERS 1
| #define HAVE_SYS_TYPES_H 1
| #define HAVE_SYS_STAT_H 1
| #define HAVE_STDLIB_H 1
| #define HAVE_STRING_H 1
| #define HAVE_MEMORY_H 1
| #define HAVE_STRINGS_H 1
| #define HAVE_INTTYPES_H 1
| #define HAVE_STDINT_H 1
| #define HAVE_UNISTD_H 1
| #define HAVE_DLFCN_H 1
| /* end confdefs.h.  */
| #include <ac_nonexistent.h>
configure:8621: checking for objdir
configure:8636: result: .libs
configure:8932: checking if gcc supports -fno-rtti -fno-exceptions
configure:8990: gcc -c -O2  -fno-rtti -fno-exceptions conftest.c >&5
cc1: warning: command line option '-fno-rtti' is valid for C++/D/ObjC++ but not for C
configure:8994: $? = 0
configure:8967: result: no
configure:8987: checking for gcc option to produce PIC
configure:9259: result: -fPIC -DPIC
configure:9271: checking if gcc PIC flag -fPIC -DPIC works
configure:9329: gcc -c -O2  -fPIC -DPIC -DPIC conftest.c >&5
configure:9333: $? = 0
configure:9306: result: yes
configure:9330: checking if gcc static flag -static works
configure:9358: result: yes
configure:9373: checking if gcc supports -c -o file.o
configure:9434: gcc -c -O2  -o out/conftest2.o conftest.c >&5
configure:9438: $? = 0
configure:9420: result: yes
configure:9428: checking if gcc supports -c -o file.o
configure:9475: result: yes
configure:9508: checking whether the gcc linker (/usr/bin/ld -m elf_x86_64) supports shared libraries
configure:10494: result: yes
configure:10733: checking dynamic linker characteristics
configure:11179: gcc -o conftest -O2   -Wl,-rpath -Wl,/foo conftest.c  >&5
configure:11179: $? = 0
configure:11397: result: GNU/Linux ld.so
configure:11499: checking how to hardcode library paths into programs
configure:11524: result: immediate
configure:12044: checking whether stripping libraries is possible
configure:12049: result: yes
configure:12084: checking if libtool supports shared libraries
configure:12086: result: yes
configure:12089: checking whether to build shared libraries
configure:12110: result: no
configure:12113: checking whether to build static libraries
configure:12117: result: yes
configure:9539: checking for ld used by g++
configure:9606: result: /usr/bin/ld -m elf_x86_64
configure:9613: checking if the linker (/usr/bin/ld -m elf_x86_64) is GNU ld
configure:9628: result: yes
configure:9683: checking whether the g++ linker (/usr/bin/ld -m elf_x86_64) supports shared libraries
configure:10596: result: yes
configure:10624: g++ -c -O2  conftest.cpp >&5
configure:10627: $? = 0
configure:10809: checking for g++ option to produce PIC
configure:11126: result: -fPIC -DPIC
configure:11135: checking if g++ PIC flag -fPIC -DPIC works
configure:13921: g++ -c -O2  -fPIC -DPIC -DPIC conftest.cpp >&5
configure:13925: $? = 0
configure:11170: result: yes
configure:11191: checking if g++ static flag -static works
configure:11219: result: yes
configure:11231: checking if g++ supports -c -o file.o
configure:14020: g++ -c -O2  -o out/conftest2.o conftest.cpp >&5
configure:14024: $? = 0
configure:11278: result: yes
configure:11283: checking if g++ supports -c -o file.o
configure:11330: result: yes
configure:11360: checking whether the g++ linker (/usr/bin/ld -m elf_x86_64) supports shared libraries
configure:11386: result: yes
configure:11523: checking dynamic linker characteristics
configure:11917: g++ -o conftest -O2   -Wl,-rpath -Wl,/foo conftest.cpp  >&5
configure:11917: $? = 0
configure:12135: result: GNU/Linux ld.so
configure:12186: checking how to hardcode library paths into programs
configure:12211: result: immediate
configure:11281: checking whether ln -s works
configure:11285: result: yes
configure:11542: checking for ANSI C header files
configure:11646: result: yes
configure:11657: checking limits.h usability
configure:11657: gcc -c -O2  conftest.c >&5
configure:11657: $? = 0
configure:11657: result: yes
configure:11657: checking limits.h presence
configure:11657: gcc -E  conftest.c
configure:11657: $? = 0
configure:11657: result: yes
configure:11657: checking for limits.h
configure:11657: result: yes
configure:11657: checking for sys/types.h
configure:11657: result: yes
configure:11657: checking for sys/stat.h
configure:11657: result: yes
configure:11657: checking dirent.h usability
configure:11657: gcc -c -O2  conftest.c >&5
configure:11657: $? = 0
configure:11657: result: yes
configure:11657: checking dirent.h presence
configure:11657: gcc -E  conftest.c
configure:11657: $? = 0
configure:11657: result: yes
configure:11657: checking for dirent.h
configure:11657: result: yes
configure:11657: checking windows.h usability
configure:11657: gcc -c -O2  conftest.c >&5
conftest.c:61:10: fatal error: windows.h: No such file or directory
   61 | #include <windows.h>
      |          ^~~~~~~~~~~
compilation terminated.
configure:11657: $? = 1
configure: failed program was:
| /* confdefs.h */
| #define PACKAGE_NAME "PCRE"
| #define PACKAGE_TARNAME "pcre"
| #define PACKAGE_VERSION "8.02"
| #define PACKAGE_STRING "PCRE 8.02"
| #define PACKAGE_BUGREPORT ""
| #define PACKAGE_URL ""
| #define PACKAGE "pcre"
| #define VERSION "8.02"
| #define STDC_HEADERS 1
| #define HAVE_SYS_TYPES_H 1
| #define HAVE_SYS_STAT_H 1
| #define HAVE_STDLIB_H 1
| #define HAVE_STRING_H 1
| #define HAVE_MEMORY_H 1
| #define HAVE_STRINGS_H 1
| #define HAVE_INTTYPES_H 1
| #define HAVE_STDINT_H 1
| #define HAVE_UNISTD_H 1
| #define HAVE_DLFCN_H 1
| #define LT_OBJDIR ".libs/"
| #define STDC_HEADERS 1
| #define HAVE_LIMITS_H 1
| #define HAVE_SYS_TYPES_H 1
| #define HAVE_SYS_STAT_H 1
| #define HAVE_DIRENT_H 1
| /* end confdefs.h.  */
| #include <stdio.h>
| #ifdef HAVE_SYS_TYPES_H
| # include <sys/types.h>
| #endif
| #ifdef HAVE_SYS_STAT_H
| # include <sys/stat.h>
| #endif
| #ifdef STDC_HEADERS
| # include <stdlib.h>
| # include <stddef.h>
| #else
| # ifdef HAVE_STDLIB_H
| #  include <stdlib.h>
| # endif
| #endif
| #ifdef HAVE_STRING_H
| # if !defined STDC_HEADERS && defined HAVE_MEMORY_H
| #  include <memory.h>
| # endif
| # include <string.h>
| #endif
| #ifdef HAVE_STRINGS_H
| # include <strings.h>
| #endif
| #ifdef HAVE_INTTYPES_H
| # include <inttypes.h>
| #endif
| #ifdef HAVE_STDINT_H
| # include <stdint.h>
| #endif
| #ifdef HAVE_UNISTD_H
| # include <unistd.h>
| #endif
| #include <windows.h>
configure:11657: result: no
configure:11657: checking windows.h presence
configure:11657: gcc -E  conftest.c
conftest.c:28:10: fatal error: windows.h: No such file or directory
   28 | #include <windows.h>
      |          ^~~~~~~~~~~
compilation terminated.
configure:11657: $? = 1
configure: failed program was:
| /* confdefs.h */
| #define PACKAGE_NAME "PCRE"
| #define PACKAGE_TARNAME "pcre"
| #define PACKAGE_VERSION "8.02"
| #define PACKAGE_STRING "PCRE 8.02"
| #define PACKAGE_BUGREPORT ""
| #define PACKAGE_URL ""
| #define PACKAGE "pcre"
| #define VERSION "8.02"
| #define STDC_HEADERS 1
| #define HAVE_SYS_TYPES_H 1
| #define HAVE_SYS_STAT_H 1
| #define HAVE_STDLIB_H 1
| #define HAVE_STRING_H 1
| #define HAVE_MEMORY_H 1
| #define HAVE_STRINGS_H 1
| #define HAVE_INTTYPES_H 1
| #define HAVE_STDINT_H 1
| #define HAVE_UNISTD_H 1
| #define HAVE_DLFCN_H 1
| #define LT_OBJDIR ".libs/"
| #define STDC_HEADERS 1
| #define HAVE_LIMITS_H 1
| #define HAVE_SYS_TYPES_H 1
| #define HAVE_SYS_STAT_H 1
| #define HAVE_DIRENT_H 1
| /* end confdefs.h.  */
| #include <windows.h>
configure:11657: result: no
configure:11657: checking for windows.h
configure:11657: result: no
configure:11879: checking for an ANSI C-conforming const
configure:11945: gcc -c -O2  conftest.c >&5
configure:11945: $? = 0
configure:11952: result: yes
configure:11960: checking for size_t
configure:11960: gcc -c -O2  conftest.c >&5
configure:11960: $? = 0
configure:11960: gcc -c -O2  conftest.c >&5
conftest.c: In function 'main':
conftest.c:64:21: error: expected expression before ')' token
   64 | if (sizeof ((size_t)))
      |                     ^
configure:11960: $? = 1
configure: failed program was:
| /* confdefs.h */
| #define PACKAGE_NAME "PCRE"
| #define PACKAGE_TARNAME "pcre"
| #define PACKAGE_VERSION "8.02"
| #define PACKAGE_STRING "PCRE 8.02"
| #define PACKAGE_BUGREPORT ""
| #define PACKAGE_URL ""
| #define PACKAGE "pcre"
| #define VERSION "8.02"
| #define STDC_HEADERS 1
| #define HAVE_SYS_TYPES_H 1
| #define HAVE_SYS_STAT_H 1
| #define HAVE_STDLIB_H 1
| #define HAVE_STRING_H 1
| #define HAVE_MEMORY_H 1
| #define HAVE_STRINGS_H 1
| #define HAVE_INTTYPES_H 1
| #define HAVE_STDINT_H 1
| #define HAVE_UNISTD_H 1
| #define HAVE_DLFCN_H 1
| #define LT_OBJDIR ".libs/"
| #define STDC_HEADERS 1
| #define HAVE_LIMITS_H 1
| #define HAVE_SYS_TYPES_H 1
| #define HAVE_SYS_STAT_H 1
| #define HAVE_DIRENT_H 1
| /* end confdefs.h.  */
| #include <stdio.h>
| #ifdef HAVE_SYS_TYPES_H
| # include <sys/types.h>
| #endif
| #ifdef HAVE_SYS_STAT_H
| # include <sys/stat.h>
| #endif
| #ifdef STDC_HEADERS
| # include <stdlib.h>
| # include <stddef.h>
| #else
| # ifdef HAVE_STDLIB_H
| #  include <stdlib.h>
| # endif
| #endif
| #ifdef HAVE_STRING_H
| # if !defined STDC_HEADERS && defined HAVE_MEMORY_H
| #  include <memory.h>
| # endif
| # include <string.h>
| #endif
| #ifdef HAVE_STRINGS_H
| # include <strings.h>
| #endif
| #ifdef HAVE_INTTYPES_H
| # include <inttypes.h>
| #endif
| #ifdef HAVE_STDINT_H
| # include <stdint.h>
| #endif
| #ifdef HAVE_UNISTD_H
| # include <unistd.h>
| #endif
| int
| main ()
| {
| if (sizeof ((size_t)))
| 	    return 0;
|   ;
|   return 0;
| }
configure:11960: result: yes
configure:11977: checking for bcopy
configure:11977: gcc -o conftest -O2   conftest.c  >&5
conftest.c:51:6: warning: conflicting types for built-in function 'bcopy'; expected 'void(const void *, void *, long unsigned int)' [-Wbuiltin-declaration-mismatch]
   51 | char bcopy ();
      |      ^~~~~
configure:11977: $? = 0
configure:11977: result: yes
configure:11977: checking for memmove
configure:11977: gcc -o conftest -O2   conftest.c  >&5
conftest.c:52:6: warning: conflicting types for built-in function 'memmove'; expected 'void *(void *, const void *, long unsigned int)' [-Wbuiltin-declaration-mismatch]
   52 | char memmove ();
      |      ^~~~~~~
conftest.c:40:1: note: 'memmove' is declared in header '<string.h>'
   39 | # include <limits.h>
   40 | #else
configure:11977: $? = 0
configure:11977: result: yes
configure:11977: checking for strerror
configure:11977: gcc -o conftest -O2   conftest.c  >&5
configure:11977: $? = 0
configure:11977: result: yes
configure:11991: checking zlib.h usability
configure:11991: gcc -c -O2  conftest.c >&5
conftest.c:64:10: fatal error: zlib.h: No such file or directory
   64 | #include <zlib.h>
      |          ^~~~~~~~
compilation terminated.
configure:11991: $? = 1
configure: failed program was:
| /* confdefs.h */
| #define PACKAGE_NAME "PCRE"
| #define PACKAGE_TARNAME "pcre"
| #define PACKAGE_VERSION "8.02"
| #define PACKAGE_STRING "PCRE 8.02"
| #define PACKAGE_BUGREPORT ""
| #define PACKAGE_URL ""
| #define PACKAGE "pcre"
| #define VERSION "8.02"
| #define STDC_HEADERS 1
| #define HAVE_SYS_TYPES_H 1
| #define HAVE_SYS_STAT_H 1
| #define HAVE_STDLIB_H 1
| #define HAVE_STRING_H 1
| #define HAVE_MEMORY_H 1
| #define HAVE_STRINGS_H 1
| #define HAVE_INTTYPES_H 1
| #define HAVE_STDINT_H 1
| #define HAVE_UNISTD_H 1
| #define HAVE_DLFCN_H 1
| #define LT_OBJDIR ".libs/"
| #define STDC_HEADERS 1
| #define HAVE_LIMITS_H 1
| #define HAVE_SYS_TYPES_H 1
| #define HAVE_SYS_STAT_H 1
| #define HAVE_DIRENT_H 1
| #define HAVE_BCOPY 1
| #define HAVE_MEMMOVE 1
| #define HAVE_STRERROR 1
| /* end confdefs.h.  */
| #include <stdio.h>
| #ifdef HAVE_SYS_TYPES_H
| # include <sys/types.h>
| #endif
| #ifdef HAVE_SYS_STAT_H
| # include <sys/stat.h>
| #endif
| #ifdef STDC_HEADERS
| # include <stdlib.h>
| # include <stddef.h>
| #else
| # ifdef HAVE_STDLIB_H
| #  include <stdlib.h>
| # endif
| #endif
| #ifdef HAVE_STRING_H
| # if !defined STDC_HEADERS && defined HAVE_MEMORY_H
| #  include <memory.h>
| # endif
| # include <string.h>
| #endif
| #ifdef HAVE_STRINGS_H
| # include <strings.h>
| #endif
| #ifdef HAVE_INTTYPES_H
| # include <inttypes.h>
| #endif
| #ifdef HAVE_STDINT_H
| # include <stdint.h>
| #endif
| #ifdef HAVE_UNISTD_H
| # include <unistd.h>
| #endif
| #include <zlib.h>
configure:11991: result: no
configure:11991: checking zlib.h presence
configure:11991: gcc -E  conftest.c
conftest.c:31:10: fatal error: zlib.h: No such file or directory
   31 | #include <zlib.h>
      |          ^~~~~~~~
compilation terminated.
configure:11991: $? = 1
configure: failed program was:
| /* confdefs.h */
| #define PACKAGE_NAME "PCRE"
| #define PACKAGE_TARNAME "pcre"
| #define PACKAGE_VERSION "8.02"
| #define PACKAGE_STRING "PCRE 8.02"
| #define PACKAGE_BUGREPORT ""
| #define PACKAGE_URL ""
| #define PACKAGE "pcre"
| #define VERSION "8.02"
| #define STDC_HEADERS 1
| #define HAVE_SYS_TYPES_H 1
| #define HAVE_SYS_STAT_H 1
| #define HAVE_STDLIB_H 1
| #define HAVE_STRING_H 1
| #define HAVE_MEMORY_H 1
| #define HAVE_STRINGS_H 1
| #define HAVE_INTTYPES_H 1
| #define HAVE_STDINT_H 1
| #define HAVE_UNISTD_H 1
| #define HAVE_DLFCN_H 1
| #define LT_OBJDIR ".libs/"
| #define STDC_HEADERS 1
| #define HAVE_LIMITS_H 1
| #define HAVE_SYS_TYPES_H 1
| #define HAVE_SYS_STAT_H 1
| #define HAVE_DIRENT_H 1
| #define HAVE_BCOPY 1
| #define HAVE_MEMMOVE 1
| #define HAVE_STRERROR 1
| /* end confdefs.h.  */
| #include <zlib.h>
configure:11991: result: no
configure:11991: checking for zlib.h
configure:11991: result: no
configure:12001: checking for gzopen in -lz
configure:12026: gcc -o conftest -O2   conftest.c -lz   >&5
/usr/bin/ld: cannot find -lz
collect2: error: ld returned 1 exit status
configure:12026: $? = 1
configure: failed program was:
| /* confdefs.h */
| #define PACKAGE_NAME "PCRE"
| #define PACKAGE_TARNAME "pcre"
| #define PACKAGE_VERSION "8.02"
| #define PACKAGE_STRING "PCRE 8.02"
| #define PACKAGE_BUGREPORT ""
| #define PACKAGE_URL ""
| #define PACKAGE "pcre"
| #define VERSION "8.02"
| #define STDC_HEADERS 1
| #define HAVE_SYS_TYPES_H 1
| #define HAVE_SYS_STAT_H 1
| #define HAVE_STDLIB_H 1
| #define HAVE_STRING_H 1
| #define HAVE_MEMORY_H 1
| #define HAVE_STRINGS_H 1
| #define HAVE_INTTYPES_H 1
| #define HAVE_STDINT_H 1
| #define HAVE_UNISTD_H 1
| #define HAVE_DLFCN_H 1
| #define LT_OBJDIR ".libs/"
| #define STDC_HEADERS 1
| #define HAVE_LIMITS_H 1
| #define HAVE_SYS_TYPES_H 1
| #define HAVE_SYS_STAT_H 1
| #define HAVE_DIRENT_H 1
| #define HAVE_BCOPY 1
| #define HAVE_MEMMOVE 1
| #define HAVE_STRERROR 1
| /* end confdefs.h.  */
| 
| /* Override any GCC internal prototype to avoid an error.
|    Use char because int might match the return type of a GCC
|    builtin and then its argument prototype would still apply.  */
| #ifdef __cplusplus
| extern "C"
| #endif
| char gzopen ();
| int
| main ()
| {
| return gzopen ();
|   ;
|   return 0;
| }
configure:12035: result: no
configure:12060: checking bzlib.h usability
configure:12060: gcc -c -O2  conftest.c >&5
conftest.c:64:10: fatal error: bzlib.h: No such file or directory
   64 | #include <bzlib.h>
      |          ^~~~~~~~~
compilation terminated.
configure:12060: $? = 1
configure: failed program was:
| /* confdefs.h */
| #define PACKAGE_NAME "PCRE"
| #define PACKAGE_TARNAME "pcre"
| #define PACKAGE_VERSION "8.02"
| #define PACKAGE_STRING "PCRE 8.02"
| #define PACKAGE_BUGREPORT ""
| #define PACKAGE_URL ""
| #define PACKAGE "pcre"
| #define VERSION "8.02"
| #define STDC_HEADERS 1
| #define HAVE_SYS_TYPES_H 1
| #define HAVE_SYS_STAT_H 1
| #define HAVE_STDLIB_H 1
| #define HAVE_STRING_H 1
| #define HAVE_MEMORY_H 1
| #define HAVE_STRINGS_H 1
| #define HAVE_INTTYPES_H 1
| #define HAVE_STDINT_H 1
| #define HAVE_UNISTD_H 1
| #define HAVE_DLFCN_H 1
| #define LT_OBJDIR ".libs/"
| #define STDC_HEADERS 1
| #define HAVE_LIMITS_H 1
| #define HAVE_SYS_TYPES_H 1
| #define HAVE_SYS_STAT_H 1
| #define HAVE_DIRENT_H 1
| #define HAVE_BCOPY 1
| #define HAVE_MEMMOVE 1
| #define HAVE_STRERROR 1
| /* end confdefs.h.  */
| #include <stdio.h>
| #ifdef HAVE_SYS_TYPES_H
| # include <sys/types.h>
| #endif
| #ifdef HAVE_SYS_STAT_H
| # include <sys/stat.h>
| #endif
| #ifdef STDC_HEADERS
| # include <stdlib.h>
| # include <stddef.h>
| #else
| # ifdef HAVE_STDLIB_H
| #  include <stdlib.h>
| # endif
| #endif
| #ifdef HAVE_STRING_H
| # if !defined STDC_HEADERS && defined HAVE_MEMORY_H
| #  include <memory.h>
| # endif
| # include <string.h>
| #endif
| #ifdef HAVE_STRINGS_H
| # include <strings.h>
| #endif
| #ifdef HAVE_INTTYPES_H
| # include <inttypes.h>
| #endif
| #ifdef HAVE_STDINT_H
| # include <stdint.h>
| #endif
| #ifdef HAVE_UNISTD_H
| # include <unistd.h>
| #endif
| #include <bzlib.h>
configure:12060: result: no
configure:12060: checking bzlib.h presence
configure:12060: gcc -E  conftest.c
conftest.c:31:10: fatal error: bzlib.h: No such file or directory
   31 | #include <bzlib.h>
      |          ^~~~~~~~~
compilation terminated.
configure:12060: $? = 1
configure: failed program was:
| /* confdefs.h */
| #define PACKAGE_NAME "PCRE"
| #define PACKAGE_TARNAME "pcre"
| #define PACKAGE_VERSION "8.02"
| #define PACKAGE_STRING "PCRE 8.02"
| #define PACKAGE_BUGREPORT ""
| #define PACKAGE_URL ""
| #define PACKAGE "pcre"
| #define VERSION "8.02"
| #define STDC_HEADERS 1
| #define HAVE_SYS_TYPES_H 1
| #define HAVE_SYS_STAT_H 1
| #define HAVE_STDLIB_H 1
| #define HAVE_STRING_H 1
| #define HAVE_MEMORY_H 1
| #define HAVE_STRINGS_H 1
| #define HAVE_INTTYPES_H 1
| #define HAVE_STDINT_H 1
| #define HAVE_UNISTD_H 1
| #define HAVE_DLFCN_H 1
| #define LT_OBJDIR ".libs/"
| #define STDC_HEADERS 1
| #define HAVE_LIMITS_H 1
| #define HAVE_SYS_TYPES_H 1
| #define HAVE_SYS_STAT_H 1
| #define HAVE_DIRENT_H 1
| #define HAVE_BCOPY 1
| #define HAVE_MEMMOVE 1
| #define HAVE_STRERROR 1
| /* end confdefs.h.  */
| #include <bzlib.h>
configure:12060: result: no
configure:12060: checking for bzlib.h
configure:12060: result: no
configure:12075: checking for libbz2
configure:12093: gcc -o conftest -O2   conftest.c  -lbz2 >&5
conftest.c: In function 'main':
conftest.c:38:13: warning: implicit declaration of function 'BZ2_bzopen' [-Wimplicit-function-declaration]
   38 | return (int)BZ2_bzopen("conftest", "rb");
      |             ^~~~~~~~~~
/usr/bin/ld: cannot find -lbz2
collect2: error: ld returned 1 exit status
configure:12093: $? = 1
configure: failed program was:
| /* confdefs.h */
| #define PACKAGE_NAME "PCRE"
| #define PACKAGE_TARNAME "pcre"
| #define PACKAGE_VERSION "8.02"
| #define PACKAGE_STRING "PCRE 8.02"
| #define PACKAGE_BUGREPORT ""
| #define PACKAGE_URL ""
| #define PACKAGE "pcre"
| #define VERSION "8.02"
| #define STDC_HEADERS 1
| #define HAVE_SYS_TYPES_H 1
| #define HAVE_SYS_STAT_H 1
| #define HAVE_STDLIB_H 1
| #define HAVE_STRING_H 1
| #define HAVE_MEMORY_H 1
| #define HAVE_STRINGS_H 1
| #define HAVE_INTTYPES_H 1
| #define HAVE_STDINT_H 1
| #define HAVE_UNISTD_H 1
| #define HAVE_DLFCN_H 1
| #define LT_OBJDIR ".libs/"
| #define STDC_HEADERS 1
| #define HAVE_LIMITS_H 1
| #define HAVE_SYS_TYPES_H 1
| #define HAVE_SYS_STAT_H 1
| #define HAVE_DIRENT_H 1
| #define HAVE_BCOPY 1
| #define HAVE_MEMMOVE 1
| #define HAVE_STRERROR 1
| /* end confdefs.h.  */
| 
| #ifdef HAVE_BZLIB_H
| #include <bzlib.h>
| #endif
| int
| main ()
| {
| return (int)BZ2_bzopen("conftest", "rb");
|   ;
|   return 0;
| }
configure:12097: result: no
configure:12108: checking readline/readline.h usability
configure:12108: gcc -c -O2  conftest.c >&5
configure:12108: $? = 0
configure:12108: result: yes
configure:12108: checking readline/readline.h presence
configure:12108: gcc -E  conftest.c
configure:12108: $? = 0
configure:12108: result: yes
configure:12108: checking for readline/readline.h
configure:12108: result: yes
configure:12120: checking readline/history.h usability
configure:12120: gcc -c -O2  conftest.c >&5
configure:12120: $? = 0
configure:12120: result: yes
configure:12120: checking readline/history.h presence
configure:12120: gcc -E  conftest.c
configure:12120: $? = 0
configure:12120: result: yes
configure:12120: checking for readline/history.h
configure:12120: result: yes
configure:12130: checking for readline in -lreadline
configure:12155: gcc -o conftest -O2   conftest.c -lreadline   >&5
configure:12155: $? = 0
configure:12164: result: yes
configure:12494: creating ./config.status

## ---------------- ##
## Cache variables. ##
## ---------------- ##

ac_cv_build=x86_64-unknown-linux-gnu
ac_cv_c_compiler_gnu=yes
ac_cv_c_const=yes
ac_cv_c_int64_t=yes
ac_cv_cxx_compiler_gnu=yes
ac_cv_env_CCC_set=
ac_cv_env_CCC_value=
ac_cv_env_CC_set=
ac_cv_env_CC_value=
ac_cv_env_CFLAGS_set=
ac_cv_env_CFLAGS_value=
ac_cv_env_CPPFLAGS_set=
ac_cv_env_CPPFLAGS_value=
ac_cv_env_CPP_set=
ac_cv_env_CPP_value=
ac_cv_env_CXXCPP_set=
ac_cv_env_CXXCPP_value=
ac_cv_env_CXXFLAGS_set=
ac_cv_env_CXXFLAGS_value=
ac_cv_env_CXX_set=
ac_cv_env_CXX_value=
ac_cv_env_LDFLAGS_set=
ac_cv_env_LDFLAGS_value=
ac_cv_env_LIBS_set=
ac_cv_env_LIBS_value=
ac_cv_env_build_alias_set=
ac_cv_env_build_alias_value=
ac_cv_env_host_alias_set=
ac_cv_env_host_alias_value=
ac_cv_env_target_alias_set=
ac_cv_env_target_alias_value=
ac_cv_func_bcopy=yes
ac_cv_func_memmove=yes
ac_cv_func_strerror=yes
ac_cv_header_bzlib_h=no
ac_cv_header_dirent_h=yes
ac_cv_header_dlfcn_h=yes
ac_cv_header_inttypes_h=yes
ac_cv_header_limits_h=yes
ac_cv_header_memory_h=yes
ac_cv_header_readline_history_h=yes
ac_cv_header_readline_readline_h=yes
ac_cv_header_stdc=yes
ac_cv_header_stdint_h=yes
ac_cv_header_stdlib_h=yes
ac_cv_header_string_h=yes
ac_cv_header_strings_h=yes
ac_cv_header_sys_stat_h=yes
ac_cv_header_sys_types_h=yes
ac_cv_header_unistd_h=yes
ac_cv_header_windows_h=no
ac_cv_header_zlib_h=no
ac_cv_host=x86_64-unknown-linux-gnu
ac_cv_lib_readline_readline=yes
ac_cv_lib_z_gzopen=no
ac_cv_objext=o
ac_cv_path_EGREP='/usr/bin/grep -E'
ac_cv_path_FGREP='/usr/bin/grep -F'
ac_cv_path_GREP=/usr/bin/grep
ac_cv_path_SED=/usr/bin/sed
ac_cv_path_install='/usr/bin/install -c'
ac_cv_path_mkdir=/usr/bin/mkdir
ac_cv_prog_AWK=gawk
ac_cv_prog_CPP='gcc -E'
ac_cv_prog_CXXCPP='g++ -E'
ac_cv_prog_ac_ct_AR=ar
ac_cv_prog_ac_ct_CC=gcc
ac_cv_prog_ac_ct_CXX=g++
ac_cv_prog_ac_ct_OBJDUMP=objdump
ac_cv_prog_ac_ct_RANLIB=ranlib
ac_cv_prog_ac_ct_STRIP=strip
ac_cv_prog_cc_c89=
ac_cv_prog_cc_g=yes
ac_cv_prog_cxx_g=yes
ac_cv_prog_make_make_set=yes
ac_cv_type_size_t=yes
am_cv_CC_dependencies_compiler_type=gcc3
am_cv_CXX_dependencies_compiler_type=gcc3
lt_cv_deplibs_check_method=pass_all
lt_cv_file_magic_cmd='$MAGIC_CMD'
lt_cv_file_magic_test_file=
lt_cv_ld_reload_flag=-r
lt_cv_nm_interface='BSD nm'
lt_cv_objdir=.libs
lt_cv_path_LD=/usr/bin/ld
lt_cv_path_LDCXX='/usr/bin/ld -m elf_x86_64'
lt_cv_path_NM='/usr/bin/nm -B'
lt_cv_prog_compiler_c_o=yes
lt_cv_prog_compiler_c_o_CXX=yes
lt_cv_prog_compiler_pic_works=yes
lt_cv_prog_compiler_pic_works_CXX=yes
lt_cv_prog_compiler_rtti_exceptions=no
lt_cv_prog_compiler_static_works=yes
lt_cv_prog_compiler_static_works_CXX=yes
lt_cv_prog_gnu_ld=yes
lt_cv_prog_gnu_ldcxx=yes
lt_cv_sys_global_symbol_pipe='sed -n -e '\''s/^.*[	 ]\([ABCDGIRSTW][ABCDGIRSTW]*\)[	 ][	 ]*\([_A-Za-z][_A-Za-z0-9]*\)$/\1 \2 \2/p'\'''
lt_cv_sys_global_symbol_to_c_name_address='sed -n -e '\''s/^: \([^ ]*\) $/  {\"\1\", (void *) 0},/p'\'' -e '\''s/^[ABCDGIRSTW]* \([^ ]*\) \([^ ]*\)$/  {"\2", (void *) \&\2},/p'\'''
lt_cv_sys_global_symbol_to_c_name_address_lib_prefix='sed -n -e '\''s/^: \([^ ]*\) $/  {\"\1\", (void *) 0},/p'\'' -e '\''s/^[ABCDGIRSTW]* \([^ ]*\) \(lib[^ ]*\)$/  {"\2", (void *) \&\2},/p'\'' -e '\''s/^[ABCDGIRSTW]* \([^ ]*\) \([^ ]*\)$/  {"lib\2", (void *) \&\2},/p'\'''
lt_cv_sys_global_symbol_to_cdecl='sed -n -e '\''s/^T .* \(.*\)$/extern int \1();/p'\'' -e '\''s/^[ABCDGIRSTW]* .* \(.*\)$/extern char \1;/p'\'''
lt_cv_sys_max_cmd_len=1572864

## ----------------- ##
## Output variables. ##
## ----------------- ##

ACLOCAL='${SHELL} /home/janpasi/tmp/usemarcon/pcre/missing --run aclocal-1.10'
AMDEPBACKSLASH='\'
AMDEP_FALSE='#'
AMDEP_TRUE=''
AMTAR='${SHELL} /home/janpasi/tmp/usemarcon/pcre/missing --run tar'
AR='ar'
AS='as'
AUTOCONF='${SHELL} /home/janpasi/tmp/usemarcon/pcre/missing --run autoconf'
AUTOHEADER='${SHELL} /home/janpasi/tmp/usemarcon/pcre/missing --run autoheader'
AUTOMAKE='${SHELL} /home/janpasi/tmp/usemarcon/pcre/missing --run automake-1.10'
AWK='gawk'
CC='gcc'
CCDEPMODE='depmode=gcc3'
CFLAGS='-O2'
CPP='gcc -E'
CPPFLAGS=''
CXX='g++'
CXXCPP='g++ -E'
CXXDEPMODE='depmode=gcc3'
CXXFLAGS='-O2'
CYGPATH_W='echo'
DEFS='-DHAVE_CONFIG_H'
DEPDIR='.deps'
DISTCHECK_CONFIGURE_FLAGS='--enable-cpp --enable-unicode-properties'
DLLTOOL='dlltool'
DSYMUTIL=''
DUMPBIN=''
ECHO_C=''
ECHO_N='-n'
ECHO_T=''
EGREP='/usr/bin/grep -E'
EXEEXT=''
EXTRA_LIBPCRECPP_LDFLAGS='                            -version-info 0:0:0                           '
EXTRA_LIBPCREPOSIX_LDFLAGS='                              -version-info 0:0:0'
EXTRA_LIBPCRE_LDFLAGS='                         -version-info 0:1:0'
FGREP='/usr/bin/grep -F'
GREP='/usr/bin/grep'
INSTALL_DATA='${INSTALL} -m 644'
INSTALL_PROGRAM='${INSTALL}'
INSTALL_SCRIPT='${INSTALL}'
INSTALL_STRIP_PROGRAM='$(install_sh) -c -s'
LD='/usr/bin/ld -m elf_x86_64'
LDFLAGS=''
LIBBZ2=''
LIBOBJS=''
LIBREADLINE=''
LIBS=''
LIBTOOL='$(SHELL) $(top_builddir)/libtool'
LIBZ=''
LIPO=''
LN_S='ln -s'
LTLIBOBJS=''
MAKEINFO='${SHELL} /home/janpasi/tmp/usemarcon/pcre/missing --run makeinfo'
MKDIR_P='/usr/bin/mkdir -p'
NM='/usr/bin/nm -B'
NMEDIT=''
OBJDUMP='objdump'
OBJEXT='o'
OTOOL64=''
OTOOL=''
PACKAGE='pcre'
PACKAGE_BUGREPORT=''
PACKAGE_NAME='PCRE'
PACKAGE_STRING='PCRE 8.02'
PACKAGE_TARNAME='pcre'
PACKAGE_URL=''
PACKAGE_VERSION='8.02'
PATH_SEPARATOR=':'
PCRE_DATE='2010-03-19'
PCRE_MAJOR='8'
PCRE_MINOR='02'
PCRE_PRERELEASE=''
PCRE_STATIC_CFLAG='-DPCRE_STATIC'
RANLIB='ranlib'
SED='/usr/bin/sed'
SET_MAKE=''
SHELL='/bin/bash'
STRIP='strip'
VERSION='8.02'
WITH_PCRE_CPP_FALSE=''
WITH_PCRE_CPP_TRUE='#'
WITH_REBUILD_CHARTABLES_FALSE=''
WITH_REBUILD_CHARTABLES_TRUE='#'
ac_ct_CC='gcc'
ac_ct_CXX='g++'
ac_ct_DUMPBIN=''
am__fastdepCC_FALSE='#'
am__fastdepCC_TRUE=''
am__fastdepCXX_FALSE='#'
am__fastdepCXX_TRUE=''
am__include='include'
am__isrc=''
am__leading_dot='.'
am__quote=''
am__tar='${AMTAR} chof - "$$tardir"'
am__untar='${AMTAR} xf -'
bindir='${exec_prefix}/bin'
build='x86_64-unknown-linux-gnu'
build_alias=''
build_cpu='x86_64'
build_os='linux-gnu'
build_vendor='unknown'
datadir='${datarootdir}'
datarootdir='${prefix}/share'
docdir='${datarootdir}/doc/${PACKAGE_TARNAME}'
dvidir='${docdir}'
enable_cpp='no'
exec_prefix='${prefix}'
host='x86_64-unknown-linux-gnu'
host_alias=''
host_cpu='x86_64'
host_os='linux-gnu'
host_vendor='unknown'
htmldir='${docdir}/html'
includedir='${prefix}/include'
infodir='${datarootdir}/info'
install_sh='$(SHELL) /home/janpasi/tmp/usemarcon/pcre/install-sh'
libdir='${exec_prefix}/lib'
libexecdir='${exec_prefix}/libexec'
localedir='${datarootdir}/locale'
localstatedir='${prefix}/var'
lt_ECHO='echo'
mandir='${datarootdir}/man'
mkdir_p='/usr/bin/mkdir -p'
oldincludedir='/usr/include'
pcre_have_bits_type_traits='0'
pcre_have_long_long=''
pcre_have_type_traits='0'
pcre_have_ulong_long=''
pdfdir='${docdir}'
prefix='/usr/local'
program_transform_name='s,x,x,'
psdir='${docdir}'
runstatedir='${localstatedir}/run'
sbindir='${exec_prefix}/sbin'
sharedstatedir='${prefix}/com'
sysconfdir='${prefix}/etc'
target_alias=''

## ----------- ##
## confdefs.h. ##
## ----------- ##

/* confdefs.h */
#define PACKAGE_NAME "PCRE"
#define PACKAGE_TARNAME "pcre"
#define PACKAGE_VERSION "8.02"
#define PACKAGE_STRING "PCRE 8.02"
#define PACKAGE_BUGREPORT ""
#define PACKAGE_URL ""
#define PACKAGE "pcre"
#define VERSION "8.02"
#define STDC_HEADERS 1
#define HAVE_SYS_TYPES_H 1
#define HAVE_SYS_STAT_H 1
#define HAVE_STDLIB_H 1
#define HAVE_STRING_H 1
#define HAVE_MEMORY_H 1
#define HAVE_STRINGS_H 1
#define HAVE_INTTYPES_H 1
#define HAVE_STDINT_H 1
#define HAVE_UNISTD_H 1
#define HAVE_DLFCN_H 1
#define LT_OBJDIR ".libs/"
#define STDC_HEADERS 1
#define HAVE_LIMITS_H 1
#define HAVE_SYS_TYPES_H 1
#define HAVE_SYS_STAT_H 1
#define HAVE_DIRENT_H 1
#define HAVE_BCOPY 1
#define HAVE_MEMMOVE 1
#define HAVE_STRERROR 1
#define HAVE_READLINE_READLINE_H 1
#define HAVE_READLINE_HISTORY_H 1
#define PCRE_STATIC 1
#define SUPPORT_UTF8 /**/
#define SUPPORT_UCP /**/
#define NEWLINE 10
#define LINK_SIZE 2
#define POSIX_MALLOC_THRESHOLD 10
#define MATCH_LIMIT 10000000
#define MATCH_LIMIT_RECURSION MATCH_LIMIT
#define MAX_NAME_SIZE 32
#define MAX_NAME_COUNT 10000

configure: exit 0

## ---------------------- ##
## Running config.status. ##
## ---------------------- ##

This file was extended by PCRE config.status 8.02, which was
generated by GNU Autoconf 2.69.  Invocation command line was

  CONFIG_FILES    = 
  CONFIG_HEADERS  = 
  CONFIG_LINKS    = 
  CONFIG_COMMANDS = 
  $ ./config.status 

on kovddoskaisi

config.status:1170: creating Makefile
config.status:1170: creating libpcre.pc
config.status:1170: creating libpcreposix.pc
config.status:1170: creating libpcrecpp.pc
config.status:1170: creating pcre-config
config.status:1170: creating pcre.h
config.status:1170: creating pcre_stringpiece.h
config.status:1170: creating pcrecpparg.h
config.status:1170: creating config.h
config.status:1351: config.h is unchanged
config.status:1399: executing depfiles commands
config.status:1399: executing libtool commands
config.status:1399: executing script-chmod commands
config.status:1399: executing delete-old-chartables commands

## ---------------------- ##
## Running config.status. ##
## ---------------------- ##

This file was extended by PCRE config.status 8.02, which was
generated by GNU Autoconf 2.69.  Invocation command line was

  CONFIG_FILES    = 
  CONFIG_HEADERS  = 
  CONFIG_LINKS    = 
  CONFIG_COMMANDS = 
  $ ./config.status config.h

on kovddoskaisi

config.status:1170: creating config.h
